codigoFuente/AplicacionMovil/BTLE/app/build/intermediates/manifest_merge_blame_file/debug/manifest-merger-blame-debug-report.txt
1<?xml version="1.0" encoding="utf-8"?>
2<manifest xmlns:android="http://schemas.android.com/apk/res/android"
3    package="com.example.daferfus_upv.btle"
4    android:versionCode="1"
5    android:versionName="1.0" >
6
7    <uses-sdk
8        android:minSdkVersion="21"
8-->src\main\AndroidManifest.xml
9        android:targetSdkVersion="30" />
9-->src\main\AndroidManifest.xml
10
11    <uses-permission android:name="android.permission.BLUETOOTH" />
11-->src\main\AndroidManifest.xml:6:5-68
11-->src\main\AndroidManifest.xml:6:22-65
12    <uses-permission android:name="android.permission.BLUETOOTH_ADMIN" />
12-->src\main\AndroidManifest.xml:7:5-74
12-->src\main\AndroidManifest.xml:7:22-71
13    <uses-permission android:name="android.permission.ACCESS_COARSE_LOCATION" />
13-->src\main\AndroidManifest.xml:8:5-81
13-->src\main\AndroidManifest.xml:8:22-78
14    <uses-permission android:name="android.permission.ACCESS_FINE_LOCATION" />
14-->src\main\AndroidManifest.xml:9:5-79
14-->src\main\AndroidManifest.xml:9:22-76
15    <uses-permission android:name="android.permission.FOREGROUND_SERVICE" />
15-->src\main\AndroidManifest.xml:10:5-77
15-->src\main\AndroidManifest.xml:10:22-74
16    <uses-permission android:name="android.permission.INTERNET" />
16-->src\main\AndroidManifest.xml:11:5-67
16-->src\main\AndroidManifest.xml:11:22-64
17    <uses-permission android:name="android.permission.ACCESS_NETWORK_STATE" />
17-->src\main\AndroidManifest.xml:12:5-79
17-->src\main\AndroidManifest.xml:12:22-76
18    <uses-permission android:name="android.permission.WAKE_LOCK" />
18-->[androidx.work:work-runtime:2.0.0] AndroidManifest.xml:23:5-68
18-->[androidx.work:work-runtime:2.0.0] AndroidManifest.xml:23:22-65
19    <uses-permission android:name="android.permission.RECEIVE_BOOT_COMPLETED" />
19-->[androidx.work:work-runtime:2.0.0] AndroidManifest.xml:25:5-81
19-->[androidx.work:work-runtime:2.0.0] AndroidManifest.xml:25:22-78
20
21    <application
21-->src\main\AndroidManifest.xml:14:5-58:19
22        android:allowBackup="true"
22-->src\main\AndroidManifest.xml:15:9-35
23        android:appComponentFactory="androidx.core.app.CoreComponentFactory"
23-->[androidx.core:core:1.3.1] AndroidManifest.xml:24:18-86
24        android:debuggable="true"
25        android:icon="@mipmap/ic_launcher_atodogas"
25-->src\main\AndroidManifest.xml:16:9-52
26        android:label="@string/app_name"
26-->src\main\AndroidManifest.xml:17:9-41
27        android:roundIcon="@mipmap/ic_launcher_atodogas_round"
27-->src\main\AndroidManifest.xml:18:9-63
28        android:supportsRtl="true"
28-->src\main\AndroidManifest.xml:19:9-35
29        android:testOnly="true"
30        android:theme="@style/AppTheme"
30-->src\main\AndroidManifest.xml:20:9-40
31        android:usesCleartextTraffic="true" >
31-->src\main\AndroidManifest.xml:21:9-44
32        <service
32-->src\main\AndroidManifest.xml:22:9-26:53
33            android:name="com.example.daferfus_upv.btle.Utilidades.TratamientoDeLecturas"
33-->src\main\AndroidManifest.xml:23:13-61
34            android:enabled="true"
34-->src\main\AndroidManifest.xml:24:13-35
35            android:exported="true" />
35-->src\main\AndroidManifest.xml:25:13-36
36
37        <activity android:name="com.example.daferfus_upv.btle.SplashScreen" >
37-->src\main\AndroidManifest.xml:29:9-35:20
37-->src\main\AndroidManifest.xml:29:19-47
38            <intent-filter>
38-->src\main\AndroidManifest.xml:30:13-34:29
39                <action android:name="android.intent.action.MAIN" />
39-->src\main\AndroidManifest.xml:31:17-69
39-->src\main\AndroidManifest.xml:31:25-66
40
41                <category android:name="android.intent.category.LAUNCHER" />
41-->src\main\AndroidManifest.xml:33:17-77
41-->src\main\AndroidManifest.xml:33:27-74
42            </intent-filter>
43        </activity>
44        <activity
44-->src\main\AndroidManifest.xml:37:9-39:44
45            android:name="com.example.daferfus_upv.btle.Perfil"
45-->src\main\AndroidManifest.xml:37:19-41
46            android:screenOrientation="portrait" />
46-->src\main\AndroidManifest.xml:38:13-49
47        <activity
47-->src\main\AndroidManifest.xml:40:9-41:51
48            android:name="com.example.daferfus_upv.btle.AcercaDe.InstruccionesActivity"
48-->src\main\AndroidManifest.xml:40:19-65
49            android:screenOrientation="portrait" />
49-->src\main\AndroidManifest.xml:41:13-49
50        <activity
50-->src\main\AndroidManifest.xml:42:9-44:45
51            android:name="com.example.daferfus_upv.btle.LoginActivity"
51-->src\main\AndroidManifest.xml:42:19-48
52            android:screenOrientation="portrait" />
52-->src\main\AndroidManifest.xml:43:13-49
53        <activity
53-->src\main\AndroidManifest.xml:45:9-47:45
54            android:name="com.example.daferfus_upv.btle.PaginaGraficas"
54-->src\main\AndroidManifest.xml:45:19-49
55            android:screenOrientation="portrait" />
55-->src\main\AndroidManifest.xml:46:13-49
56        <activity
56-->src\main\AndroidManifest.xml:49:9-50:57
57            android:name="com.example.daferfus_upv.btle.MainActivity"
57-->src\main\AndroidManifest.xml:49:19-47
58            android:label="@string/app_name" />
58-->src\main\AndroidManifest.xml:50:13-45
59
60        <receiver android:name="com.example.daferfus_upv.btle.BD.ComprobadorEstadoRed" >
60-->src\main\AndroidManifest.xml:53:9-57:20
60-->src\main\AndroidManifest.xml:53:19-58
61            <intent-filter>
61-->src\main\AndroidManifest.xml:54:13-56:29
62                <action android:name="android.net.conn.CONNECTIVITY_CHANGE" />
62-->src\main\AndroidManifest.xml:55:17-79
62-->src\main\AndroidManifest.xml:55:25-76
63            </intent-filter>
64        </receiver>
65
66        <provider
66-->[androidx.work:work-runtime:2.0.0] AndroidManifest.xml:28:9-34:35
67            android:name="androidx.work.impl.WorkManagerInitializer"
67-->[androidx.work:work-runtime:2.0.0] AndroidManifest.xml:29:13-69
68            android:authorities="com.example.daferfus_upv.btle.workmanager-init"
68-->[androidx.work:work-runtime:2.0.0] AndroidManifest.xml:30:13-68
69            android:directBootAware="false"
69-->[androidx.work:work-runtime:2.0.0] AndroidManifest.xml:31:13-44
70            android:exported="false"
70-->[androidx.work:work-runtime:2.0.0] AndroidManifest.xml:32:13-37
71            android:multiprocess="true" />
71-->[androidx.work:work-runtime:2.0.0] AndroidManifest.xml:33:13-40
72
73        <service
73-->[androidx.work:work-runtime:2.0.0] AndroidManifest.xml:36:9-41:35
74            android:name="androidx.work.impl.background.systemalarm.SystemAlarmService"
74-->[androidx.work:work-runtime:2.0.0] AndroidManifest.xml:37:13-88
75            android:directBootAware="false"
75-->[androidx.work:work-runtime:2.0.0] AndroidManifest.xml:38:13-44
76            android:enabled="@bool/enable_system_alarm_service_default"
76-->[androidx.work:work-runtime:2.0.0] AndroidManifest.xml:39:13-72
77            android:exported="false" />
77-->[androidx.work:work-runtime:2.0.0] AndroidManifest.xml:40:13-37
78        <service
78-->[androidx.work:work-runtime:2.0.0] AndroidManifest.xml:42:9-48:35
79            android:name="androidx.work.impl.background.systemjob.SystemJobService"
79-->[androidx.work:work-runtime:2.0.0] AndroidManifest.xml:43:13-84
80            android:directBootAware="false"
80-->[androidx.work:work-runtime:2.0.0] AndroidManifest.xml:44:13-44
81            android:enabled="@bool/enable_system_job_service_default"
81-->[androidx.work:work-runtime:2.0.0] AndroidManifest.xml:45:13-70
82            android:exported="true"
82-->[androidx.work:work-runtime:2.0.0] AndroidManifest.xml:46:13-36
83            android:permission="android.permission.BIND_JOB_SERVICE" />
83-->[androidx.work:work-runtime:2.0.0] AndroidManifest.xml:47:13-69
84
85        <receiver
85-->[androidx.work:work-runtime:2.0.0] AndroidManifest.xml:50:9-55:35
86            android:name="androidx.work.impl.utils.ForceStopRunnable$BroadcastReceiver"
86-->[androidx.work:work-runtime:2.0.0] AndroidManifest.xml:51:13-88
87            android:directBootAware="false"
87-->[androidx.work:work-runtime:2.0.0] AndroidManifest.xml:52:13-44
88            android:enabled="true"
88-->[androidx.work:work-runtime:2.0.0] AndroidManifest.xml:53:13-35
89            android:exported="false" />
89-->[androidx.work:work-runtime:2.0.0] AndroidManifest.xml:54:13-37
90        <receiver
90-->[androidx.work:work-runtime:2.0.0] AndroidManifest.xml:56:9-66:20
91            android:name="androidx.work.impl.background.systemalarm.ConstraintProxy$BatteryChargingProxy"
91-->[androidx.work:work-runtime:2.0.0] AndroidManifest.xml:57:13-106
92            android:directBootAware="false"
92-->[androidx.work:work-runtime:2.0.0] AndroidManifest.xml:58:13-44
93            android:enabled="false"
93-->[androidx.work:work-runtime:2.0.0] AndroidManifest.xml:59:13-36
94            android:exported="false" >
94-->[androidx.work:work-runtime:2.0.0] AndroidManifest.xml:60:13-37
95            <intent-filter>
95-->[androidx.work:work-runtime:2.0.0] AndroidManifest.xml:62:13-65:29
96                <action android:name="android.intent.action.ACTION_POWER_CONNECTED" />
96-->[androidx.work:work-runtime:2.0.0] AndroidManifest.xml:63:17-87
96-->[androidx.work:work-runtime:2.0.0] AndroidManifest.xml:63:25-84
97                <action android:name="android.intent.action.ACTION_POWER_DISCONNECTED" />
97-->[androidx.work:work-runtime:2.0.0] AndroidManifest.xml:64:17-90
97-->[androidx.work:work-runtime:2.0.0] AndroidManifest.xml:64:25-87
98            </intent-filter>
99        </receiver>
100        <receiver
100-->[androidx.work:work-runtime:2.0.0] AndroidManifest.xml:67:9-77:20
101            android:name="androidx.work.impl.background.systemalarm.ConstraintProxy$BatteryNotLowProxy"
101-->[androidx.work:work-runtime:2.0.0] AndroidManifest.xml:68:13-104
102            android:directBootAware="false"
102-->[androidx.work:work-runtime:2.0.0] AndroidManifest.xml:69:13-44
103            android:enabled="false"
103-->[androidx.work:work-runtime:2.0.0] AndroidManifest.xml:70:13-36
104            android:exported="false" >
104-->[androidx.work:work-runtime:2.0.0] AndroidManifest.xml:71:13-37
105            <intent-filter>
105-->[androidx.work:work-runtime:2.0.0] AndroidManifest.xml:73:13-76:29
106                <action android:name="android.intent.action.BATTERY_OKAY" />
106-->[androidx.work:work-runtime:2.0.0] AndroidManifest.xml:74:17-77
106-->[androidx.work:work-runtime:2.0.0] AndroidManifest.xml:74:25-74
107                <action android:name="android.intent.action.BATTERY_LOW" />
107-->[androidx.work:work-runtime:2.0.0] AndroidManifest.xml:75:17-76
107-->[androidx.work:work-runtime:2.0.0] AndroidManifest.xml:75:25-73
108            </intent-filter>
109        </receiver>
110        <receiver
110-->[androidx.work:work-runtime:2.0.0] AndroidManifest.xml:78:9-88:20
111            android:name="androidx.work.impl.background.systemalarm.ConstraintProxy$StorageNotLowProxy"
111-->[androidx.work:work-runtime:2.0.0] AndroidManifest.xml:79:13-104
112            android:directBootAware="false"
112-->[androidx.work:work-runtime:2.0.0] AndroidManifest.xml:80:13-44
113            android:enabled="false"
113-->[androidx.work:work-runtime:2.0.0] AndroidManifest.xml:81:13-36
114            android:exported="false" >
114-->[androidx.work:work-runtime:2.0.0] AndroidManifest.xml:82:13-37
115            <intent-filter>
115-->[androidx.work:work-runtime:2.0.0] AndroidManifest.xml:84:13-87:29
116                <action android:name="android.intent.action.DEVICE_STORAGE_LOW" />
116-->[androidx.work:work-runtime:2.0.0] AndroidManifest.xml:85:17-83
116-->[androidx.work:work-runtime:2.0.0] AndroidManifest.xml:85:25-80
117                <action android:name="android.intent.action.DEVICE_STORAGE_OK" />
117-->[androidx.work:work-runtime:2.0.0] AndroidManifest.xml:86:17-82
117-->[androidx.work:work-runtime:2.0.0] AndroidManifest.xml:86:25-79
118            </intent-filter>
119        </receiver>
120        <receiver
120-->[androidx.work:work-runtime:2.0.0] AndroidManifest.xml:89:9-98:20
121            android:name="androidx.work.impl.background.systemalarm.ConstraintProxy$NetworkStateProxy"
121-->[androidx.work:work-runtime:2.0.0] AndroidManifest.xml:90:13-103
122            android:directBootAware="false"
122-->[androidx.work:work-runtime:2.0.0] AndroidManifest.xml:91:13-44
123            android:enabled="false"
123-->[androidx.work:work-runtime:2.0.0] AndroidManifest.xml:92:13-36
124            android:exported="false" >
124-->[androidx.work:work-runtime:2.0.0] AndroidManifest.xml:93:13-37
125            <intent-filter>
125-->src\main\AndroidManifest.xml:54:13-56:29
126                <action android:name="android.net.conn.CONNECTIVITY_CHANGE" />
126-->src\main\AndroidManifest.xml:55:17-79
126-->src\main\AndroidManifest.xml:55:25-76
127            </intent-filter>
128        </receiver>
129        <receiver
129-->[androidx.work:work-runtime:2.0.0] AndroidManifest.xml:99:9-110:20
130            android:name="androidx.work.impl.background.systemalarm.RescheduleReceiver"
130-->[androidx.work:work-runtime:2.0.0] AndroidManifest.xml:100:13-88
131            android:directBootAware="false"
131-->[androidx.work:work-runtime:2.0.0] AndroidManifest.xml:101:13-44
132            android:enabled="false"
132-->[androidx.work:work-runtime:2.0.0] AndroidManifest.xml:102:13-36
133            android:exported="false" >
133-->[androidx.work:work-runtime:2.0.0] AndroidManifest.xml:103:13-37
134            <intent-filter>
134-->[androidx.work:work-runtime:2.0.0] AndroidManifest.xml:105:13-109:29
135                <action android:name="android.intent.action.BOOT_COMPLETED" />
135-->[androidx.work:work-runtime:2.0.0] AndroidManifest.xml:106:17-79
135-->[androidx.work:work-runtime:2.0.0] AndroidManifest.xml:106:25-76
136                <action android:name="android.intent.action.TIME_SET" />
136-->[androidx.work:work-runtime:2.0.0] AndroidManifest.xml:107:17-73
136-->[androidx.work:work-runtime:2.0.0] AndroidManifest.xml:107:25-70
137                <action android:name="android.intent.action.TIMEZONE_CHANGED" />
137-->[androidx.work:work-runtime:2.0.0] AndroidManifest.xml:108:17-81
137-->[androidx.work:work-runtime:2.0.0] AndroidManifest.xml:108:25-78
138            </intent-filter>
139        </receiver>
140        <receiver
140-->[androidx.work:work-runtime:2.0.0] AndroidManifest.xml:111:9-120:20
141            android:name="androidx.work.impl.background.systemalarm.ConstraintProxyUpdateReceiver"
141-->[androidx.work:work-runtime:2.0.0] AndroidManifest.xml:112:13-99
142            android:directBootAware="false"
142-->[androidx.work:work-runtime:2.0.0] AndroidManifest.xml:113:13-44
143            android:enabled="@bool/enable_system_alarm_service_default"
143-->[androidx.work:work-runtime:2.0.0] AndroidManifest.xml:114:13-72
144            android:exported="false" >
144-->[androidx.work:work-runtime:2.0.0] AndroidManifest.xml:115:13-37
145            <intent-filter>
145-->[androidx.work:work-runtime:2.0.0] AndroidManifest.xml:117:13-119:29
146                <action android:name="androidx.work.impl.background.systemalarm.UpdateProxies" />
146-->[androidx.work:work-runtime:2.0.0] AndroidManifest.xml:118:17-98
146-->[androidx.work:work-runtime:2.0.0] AndroidManifest.xml:118:25-95
147            </intent-filter>
148        </receiver>
149
150        <activity
150-->[com.google.android.gms:play-services-base:17.3.0] AndroidManifest.xml:23:9-26:75
151            android:name="com.google.android.gms.common.api.GoogleApiActivity"
151-->[com.google.android.gms:play-services-base:17.3.0] AndroidManifest.xml:24:13-79
152            android:exported="false"
152-->[com.google.android.gms:play-services-base:17.3.0] AndroidManifest.xml:25:13-37
153            android:theme="@android:style/Theme.Translucent.NoTitleBar" />
153-->[com.google.android.gms:play-services-base:17.3.0] AndroidManifest.xml:26:13-72
154
155        <meta-data
155-->[com.google.android.gms:play-services-basement:17.3.0] AndroidManifest.xml:23:9-25:69
156            android:name="com.google.android.gms.version"
156-->[com.google.android.gms:play-services-basement:17.3.0] AndroidManifest.xml:24:13-58
157            android:value="@integer/google_play_services_version" />
157-->[com.google.android.gms:play-services-basement:17.3.0] AndroidManifest.xml:25:13-66
158
159        <provider
159-->[androidx.lifecycle:lifecycle-process:2.0.0] AndroidManifest.xml:23:9-27:43
160            android:name="androidx.lifecycle.ProcessLifecycleOwnerInitializer"
160-->[androidx.lifecycle:lifecycle-process:2.0.0] AndroidManifest.xml:24:13-79
161            android:authorities="com.example.daferfus_upv.btle.lifecycle-process"
161-->[androidx.lifecycle:lifecycle-process:2.0.0] AndroidManifest.xml:25:13-69
162            android:exported="false"
162-->[androidx.lifecycle:lifecycle-process:2.0.0] AndroidManifest.xml:26:13-37
163            android:multiprocess="true" />
163-->[androidx.lifecycle:lifecycle-process:2.0.0] AndroidManifest.xml:27:13-40
164    </application>
165
166</manifest>